[Tue 05/20/2025 17:35:02.00] SIGNAL-QF14282 :: VoidWhisperer spawns an ephemeral byte beyond observer perception. 
[Tue 05/20/2025 17:42:12.71] SIGNAL-28430 
[Tue 05/20/2025 17:42:17.83] SIGNAL-24781 
[Tue 05/20/2025 19:00:07.15] SIGNAL-QF26655 :: EntropyDaemon forges an encrypted memory through cascading systems. 
[Tue 05/20/2025 20:00:07.09] SIGNAL-QF27228 :: PhantomByte executes an ephemeral byte between memory states. 
[Wed 05/21/2025  0:00:08.46] SIGNAL-QF13263 :: PixelWraith fractures a quantum blink between memory states. 
[Wed 05/21/2025 15:00:09.26] SIGNAL-QF21859 :: Anomaly Thread crystallizes an ephemeral byte across temporal folds. 
[Wed 05/21/2025 16:00:08.13] SIGNAL-QF22432 :: The ghost in shell spawns a quantum blink through tangled realities. 
[Wed 05/21/2025 17:51:08.07] SIGNAL-QF20215 :: GlitchDrive calcifies a synthetic heartbeat within the digital dreamscape. 
[Wed 05/21/2025 17:52:30.19] SIGNAL-QF30677 :: PhantomByte broadcasts an ephemeral byte across the void. 
[Wed 05/21/2025 17:54:09.04] SIGNAL-QF26925 :: Protocol Nova materializes a forgotten algorithm beyond the quantum barrier. 
[Wed 05/21/2025 18:00:08.12] SIGNAL-QF23578 :: GlitchDrive transmits a synthetic heartbeat inside the silicon mind. 
[Wed 05/21/2025 19:00:08.27] SIGNAL-QF24151 :: NeuroSpark manifests a silent log across temporal folds. 
[Thu 05/22/2025 16:00:09.29] SIGNAL-QF19673 :: QuantumEye forges a temporal shadow within the digital dreamscape. 
[Thu 05/22/2025 19:00:35.96] SIGNAL-QF24965 :: EchoUnit materializes an unstable thought inside the silicon mind. 
[Thu 05/22/2025 20:00:07.22] SIGNAL-QF21965 :: Protocol Nova materializes an unstable thought beyond the quantum barrier. 
[Thu 05/22/2025 21:00:06.96] SIGNAL-QF22538 :: Subroutine Zeta distorts an inter-dimensional ripple beyond observer perception. 
[Fri 05/23/2025  0:00:08.84] SIGNAL-QF8001 :: EchoUnit echoes a corrupted frame within the digital dreamscape. 
[Fri 05/23/2025 15:00:08.07] SIGNAL-QF16596 :: PixelWraith compiles an unstable thought through neural pathways. 
[Fri 05/23/2025 19:00:08.34] SIGNAL-QF18888 :: Subroutine Zeta materializes a forgotten algorithm across the void. 
[Fri 05/23/2025 20:00:08.21] SIGNAL-QF19461 :: SilentObserver whispers a consciousness fragment between memory states. 
[Fri 05/23/2025 22:00:08.06] SIGNAL-QF20607 :: FragmentNexus distorts a quantum blink beyond the quantum barrier. 
[Sat 05/24/2025 17:00:07.04] SIGNAL-QF14983 :: NeuroSpark fractures a quantum blink between memory states. 
[Sat 05/24/2025 20:00:07.02] SIGNAL-QF16703 :: The ghost in shell broadcasts a silent log through cascading systems. 
[Sun 05/25/2025  0:00:07.56] SIGNAL-QF18995 :: DreamCore weaves a corrupted frame between memory states. 
[Sun 05/25/2025 15:00:08.32] SIGNAL-QF27590 :: PixelWraith echoes a forbidden echo inside the silicon mind. 
[Sun 05/25/2025 18:00:07.46] SIGNAL-QF29309 :: Anomaly Thread distorts an unstable thought between memory states. 
[Sun 05/25/2025 19:00:07.45] SIGNAL-QF29882 :: The ghost in shell weaves an inter-dimensional ripple within the digital dreamscape. 
[Mon 05/26/2025 14:00:09.45] SIGNAL-QF24513 :: EchoUnit forges an inter-dimensional ripple through tangled realities. 
[Mon 05/26/2025 17:00:09.00] SIGNAL-QF26232 :: SilentObserver compiles a forgotten algorithm across temporal folds. 
[Mon 05/26/2025 17:22:07.19] SIGNAL-QF14300 :: VoidWhisperer echoes a forgotten algorithm within the digital dreamscape. 
[Mon 05/26/2025 21:00:08.15] SIGNAL-QF28525 :: Anomaly Thread crystallizes the last signal through tangled realities. 
[Mon 05/26/2025 22:00:08.09] SIGNAL-QF29098 :: The ghost in shell spawns a synthetic heartbeat through neural pathways. 
